2025-07-19 15:59:48.186 [info] [main] Log level: Info
2025-07-19 15:59:48.186 [info] [main] Validating found git in: "git"
2025-07-19 15:59:48.186 [info] [main] Using git "2.50.1" from "git"
2025-07-19 15:59:48.186 [info] [Model][doInitialScan] Initial repository scan started
2025-07-19 15:59:48.186 [info] > git rev-parse --show-toplevel [7ms]
2025-07-19 15:59:48.186 [info] fatal: not a git repository (or any parent up to mount point /)
Stopping at filesystem boundary (GIT_DISCOVERY_ACROSS_FILESYSTEM not set).
2025-07-19 15:59:48.186 [info] > git rev-parse --show-toplevel [1ms]
2025-07-19 15:59:48.186 [info] fatal: not a git repository (or any parent up to mount point /)
Stopping at filesystem boundary (GIT_DISCOVERY_ACROSS_FILESYSTEM not set).
2025-07-19 15:59:48.186 [info] > git rev-parse --show-toplevel [1ms]
2025-07-19 15:59:48.186 [info] fatal: not a git repository (or any parent up to mount point /)
Stopping at filesystem boundary (GIT_DISCOVERY_ACROSS_FILESYSTEM not set).
2025-07-19 15:59:48.186 [info] > git rev-parse --show-toplevel [1ms]
2025-07-19 15:59:48.186 [info] fatal: not a git repository (or any parent up to mount point /)
Stopping at filesystem boundary (GIT_DISCOVERY_ACROSS_FILESYSTEM not set).
2025-07-19 15:59:48.186 [info] > git rev-parse --show-toplevel [1ms]
2025-07-19 15:59:48.186 [info] fatal: not a git repository (or any parent up to mount point /)
Stopping at filesystem boundary (GIT_DISCOVERY_ACROSS_FILESYSTEM not set).
2025-07-19 15:59:48.186 [info] [Model][doInitialScan] Initial repository scan completed - repositories (0), closed repositories (0), parent repositories (0), unsafe repositories (0)
2025-07-19 15:59:49.943 [info] > git rev-parse --show-toplevel [4ms]
2025-07-19 15:59:49.943 [info] fatal: not a git repository (or any parent up to mount point /)
Stopping at filesystem boundary (GIT_DISCOVERY_ACROSS_FILESYSTEM not set).
2025-07-19 16:01:01.218 [info] > git rev-parse --show-toplevel [1ms]
2025-07-19 16:01:01.218 [info] fatal: not a git repository (or any parent up to mount point /)
Stopping at filesystem boundary (GIT_DISCOVERY_ACROSS_FILESYSTEM not set).
2025-07-19 16:06:30.673 [info] > git rev-parse --show-toplevel [1ms]
2025-07-19 16:06:30.673 [info] fatal: not a git repository (or any parent up to mount point /)
Stopping at filesystem boundary (GIT_DISCOVERY_ACROSS_FILESYSTEM not set).
2025-07-19 16:09:07.754 [info] > git rev-parse --show-toplevel [1ms]
2025-07-19 16:09:07.754 [info] fatal: not a git repository (or any parent up to mount point /)
Stopping at filesystem boundary (GIT_DISCOVERY_ACROSS_FILESYSTEM not set).
2025-07-19 16:09:54.479 [info] > git rev-parse --show-toplevel [1ms]
2025-07-19 16:09:54.479 [info] fatal: not a git repository (or any parent up to mount point /)
Stopping at filesystem boundary (GIT_DISCOVERY_ACROSS_FILESYSTEM not set).
