2025-07-19 16:35:46.372 [info] [main] Log level: Info
2025-07-19 16:35:46.372 [info] [main] Validating found git in: "git"
2025-07-19 16:35:46.372 [info] [main] Using git "2.50.1" from "git"
2025-07-19 16:35:46.372 [info] [Model][doInitialScan] Initial repository scan started
2025-07-19 16:35:46.372 [info] > git rev-parse --show-toplevel [7ms]
2025-07-19 16:35:46.372 [info] > git rev-parse --git-dir --git-common-dir [1ms]
2025-07-19 16:35:46.372 [info] [Model][openRepository] Opened repository (path): /home/maurod/Dotfiles
2025-07-19 16:35:46.372 [info] [Model][openRepository] Opened repository (real path): /home/maurod/Dotfiles
2025-07-19 16:35:46.372 [info] [Model][doInitialScan] Initial repository scan completed - repositories (1), closed repositories (0), parent repositories (0), unsafe repositories (0)
2025-07-19 16:35:46.372 [info] > git config --get commit.template [2ms]
2025-07-19 16:35:46.372 [info] > git for-each-ref --format=%(refname)%00%(upstream:short)%00%(objectname)%00%(upstream:track)%00%(upstream:remotename)%00%(upstream:remoteref) refs/heads/main refs/remotes/main [2ms]
2025-07-19 16:35:46.372 [warning] [Git][revParse] Unable to read file: ENOENT: no such file or directory, open '/home/maurod/Dotfiles/.git/refs/remotes/origin/main'
2025-07-19 16:35:46.372 [info] > git rev-parse refs/remotes/origin/main [1ms]
2025-07-19 16:35:46.372 [info] > git for-each-ref --sort -committerdate --format %(refname)%00%(objectname)%00%(*objectname) [1ms]
2025-07-19 16:35:46.390 [info] > git status -z -uall [30ms]
2025-07-19 16:35:46.416 [info] > git for-each-ref --format=%(refname)%00%(upstream:short)%00%(objectname)%00%(upstream:track)%00%(upstream:remotename)%00%(upstream:remoteref) refs/heads/main refs/remotes/main [11ms]
2025-07-19 16:35:46.422 [info] > git config --get --local branch.main.vscode-merge-base [3ms]
2025-07-19 16:35:46.425 [info] > git config --get commit.template [12ms]
2025-07-19 16:35:46.426 [info] > git for-each-ref --format=%(refname)%00%(upstream:short)%00%(objectname)%00%(upstream:track)%00%(upstream:remotename)%00%(upstream:remoteref) refs/heads/origin/main refs/remotes/origin/main [1ms]
2025-07-19 16:35:46.437 [info] > git for-each-ref --format=%(refname)%00%(upstream:short)%00%(objectname)%00%(upstream:track)%00%(upstream:remotename)%00%(upstream:remoteref) refs/heads/main refs/remotes/main [2ms]
2025-07-19 16:35:46.437 [info] > git merge-base refs/heads/main refs/remotes/origin/main [7ms]
2025-07-19 16:35:46.443 [warning] [Git][revParse] Unable to read file: ENOENT: no such file or directory, open '/home/maurod/Dotfiles/.git/refs/remotes/origin/main'
2025-07-19 16:35:46.443 [info] > git diff --name-status -z --diff-filter=ADMR 09f2315ca81e6dc991b0e9d2f8c0c20db47d1a7e...refs/remotes/origin/main [3ms]
2025-07-19 16:35:46.444 [info] > git rev-parse refs/remotes/origin/main [2ms]
2025-07-19 16:35:46.451 [info] > git for-each-ref --sort -committerdate --format %(refname)%00%(objectname)%00%(*objectname) [1ms]
2025-07-19 16:35:46.466 [info] > git status -z -uall [19ms]
2025-07-19 16:35:46.856 [info] > git check-ignore -v -z --stdin [1ms]
2025-07-19 16:35:47.913 [info] > git show --textconv :InstallScripts/waybarinstall.sh [16ms]
2025-07-19 16:35:47.915 [info] > git ls-files --stage -- InstallScripts/waybarinstall.sh [3ms]
2025-07-19 16:35:47.919 [info] > git cat-file -s b1df08a7de68671c38996ea3667eda4921ada1e9 [1ms]
2025-07-19 16:35:47.938 [info] > git blame --root --incremental 09f2315ca81e6dc991b0e9d2f8c0c20db47d1a7e -- InstallScripts/waybarinstall.sh [1ms]
2025-07-19 16:35:59.016 [info] > git config --get commit.template [5ms]
2025-07-19 16:35:59.017 [info] > git for-each-ref --format=%(refname)%00%(upstream:short)%00%(objectname)%00%(upstream:track)%00%(upstream:remotename)%00%(upstream:remoteref) refs/heads/main refs/remotes/main [1ms]
2025-07-19 16:35:59.020 [warning] [Git][revParse] Unable to read file: ENOENT: no such file or directory, open '/home/maurod/Dotfiles/.git/refs/remotes/origin/main'
2025-07-19 16:35:59.021 [info] > git rev-parse refs/remotes/origin/main [1ms]
2025-07-19 16:35:59.029 [info] > git for-each-ref --sort -committerdate --format %(refname)%00%(objectname)%00%(*objectname) [1ms]
2025-07-19 16:35:59.044 [info] > git status -z -uall [20ms]
