2025-07-19 16:18:50.349 [info] [main] Log level: Info
2025-07-19 16:18:50.349 [info] [main] Validating found git in: "git"
2025-07-19 16:18:50.349 [info] [main] Using git "2.50.1" from "git"
2025-07-19 16:18:50.349 [info] [Model][doInitialScan] Initial repository scan started
2025-07-19 16:18:50.349 [info] > git rev-parse --show-toplevel [25ms]
2025-07-19 16:18:50.349 [info] fatal: not a git repository (or any parent up to mount point /)
Stopping at filesystem boundary (GIT_DISCOVERY_ACROSS_FILESYSTEM not set).
2025-07-19 16:18:50.349 [info] > git rev-parse --show-toplevel [2ms]
2025-07-19 16:18:50.349 [info] fatal: not a git repository (or any parent up to mount point /)
Stopping at filesystem boundary (GIT_DISCOVERY_ACROSS_FILESYSTEM not set).
2025-07-19 16:18:50.349 [info] > git rev-parse --show-toplevel [16ms]
2025-07-19 16:18:50.349 [info] fatal: not a git repository (or any parent up to mount point /)
Stopping at filesystem boundary (GIT_DISCOVERY_ACROSS_FILESYSTEM not set).
2025-07-19 16:18:50.349 [info] > git rev-parse --show-toplevel [18ms]
2025-07-19 16:18:50.349 [info] fatal: not a git repository (or any parent up to mount point /)
Stopping at filesystem boundary (GIT_DISCOVERY_ACROSS_FILESYSTEM not set).
2025-07-19 16:18:50.357 [info] > git rev-parse --show-toplevel [2ms]
2025-07-19 16:18:50.357 [info] fatal: not a git repository (or any parent up to mount point /)
Stopping at filesystem boundary (GIT_DISCOVERY_ACROSS_FILESYSTEM not set).
2025-07-19 16:18:50.357 [info] [Model][doInitialScan] Initial repository scan completed - repositories (0), closed repositories (0), parent repositories (0), unsafe repositories (0)
2025-07-19 16:18:52.049 [info] > git rev-parse --show-toplevel [1ms]
2025-07-19 16:18:52.049 [info] fatal: not a git repository (or any parent up to mount point /)
Stopping at filesystem boundary (GIT_DISCOVERY_ACROSS_FILESYSTEM not set).
2025-07-19 16:19:21.958 [info] > git rev-parse --show-toplevel [1ms]
2025-07-19 16:19:21.958 [info] fatal: not a git repository (or any parent up to mount point /)
Stopping at filesystem boundary (GIT_DISCOVERY_ACROSS_FILESYSTEM not set).
2025-07-19 16:19:36.392 [info] > git rev-parse --show-toplevel [1ms]
2025-07-19 16:19:36.392 [info] fatal: not a git repository (or any parent up to mount point /)
Stopping at filesystem boundary (GIT_DISCOVERY_ACROSS_FILESYSTEM not set).
2025-07-19 16:19:42.945 [info] > git rev-parse --show-toplevel [1ms]
2025-07-19 16:19:42.945 [info] fatal: not a git repository (or any parent up to mount point /)
Stopping at filesystem boundary (GIT_DISCOVERY_ACROSS_FILESYSTEM not set).
2025-07-19 16:21:48.648 [info] > git rev-parse --show-toplevel [1ms]
2025-07-19 16:21:48.648 [info] fatal: not a git repository (or any parent up to mount point /)
Stopping at filesystem boundary (GIT_DISCOVERY_ACROSS_FILESYSTEM not set).
2025-07-19 16:22:03.242 [info] > git rev-parse --show-toplevel [1ms]
2025-07-19 16:22:03.242 [info] fatal: not a git repository (or any parent up to mount point /)
Stopping at filesystem boundary (GIT_DISCOVERY_ACROSS_FILESYSTEM not set).
2025-07-19 16:22:05.433 [info] > git rev-parse --show-toplevel [1ms]
2025-07-19 16:22:05.433 [info] fatal: not a git repository (or any parent up to mount point /)
Stopping at filesystem boundary (GIT_DISCOVERY_ACROSS_FILESYSTEM not set).
2025-07-19 16:22:41.625 [info] > git rev-parse --show-toplevel [1ms]
2025-07-19 16:22:41.625 [info] fatal: not a git repository (or any parent up to mount point /)
Stopping at filesystem boundary (GIT_DISCOVERY_ACROSS_FILESYSTEM not set).
