2025-07-20 01:14:43.266 [info] [main] Log level: Info
2025-07-20 01:14:43.266 [info] [main] Validating found git in: "git"
2025-07-20 01:14:43.266 [info] [main] Using git "2.50.1" from "git"
2025-07-20 01:14:43.266 [info] [Model][doInitialScan] Initial repository scan started
2025-07-20 01:14:43.270 [info] > git rev-parse --show-toplevel [11ms]
2025-07-20 01:14:43.274 [info] > git rev-parse --git-dir --git-common-dir [1ms]
2025-07-20 01:14:43.282 [info] [Model][openRepository] Opened repository (path): /home/maurod/dotfiles
2025-07-20 01:14:43.282 [info] [Model][openRepository] Opened repository (real path): /home/maurod/dotfiles
2025-07-20 01:14:43.291 [info] > git rev-parse --show-toplevel [2ms]
2025-07-20 01:14:43.291 [info] > git config --get commit.template [5ms]
2025-07-20 01:14:43.315 [info] > git rev-parse --show-toplevel [20ms]
2025-07-20 01:14:43.329 [info] > git rev-parse --show-toplevel [1ms]
2025-07-20 01:14:43.331 [info] [Model][doInitialScan] Initial repository scan completed - repositories (1), closed repositories (0), parent repositories (0), unsafe repositories (0)
2025-07-20 01:14:43.387 [info] > git for-each-ref --format=%(refname)%00%(upstream:short)%00%(objectname)%00%(upstream:track)%00%(upstream:remotename)%00%(upstream:remoteref) refs/heads/main refs/remotes/main [72ms]
2025-07-20 01:14:43.397 [info] > git for-each-ref --sort -committerdate --format %(refname)%00%(objectname)%00%(*objectname) [1ms]
2025-07-20 01:14:43.494 [info] > git status -z -uall [102ms]
2025-07-20 01:14:43.514 [info] > git for-each-ref --format=%(refname)%00%(upstream:short)%00%(objectname)%00%(upstream:track)%00%(upstream:remotename)%00%(upstream:remoteref) refs/heads/main refs/remotes/main [5ms]
2025-07-20 01:14:43.519 [info] > git config --get --local branch.main.vscode-merge-base [1ms]
2025-07-20 01:14:43.519 [warning] [Git][config] git config failed: Failed to execute git
2025-07-20 01:14:43.522 [info] > git config --get commit.template [9ms]
2025-07-20 01:14:43.526 [info] > git for-each-ref --format=%(refname)%00%(upstream:short)%00%(objectname)%00%(upstream:track)%00%(upstream:remotename)%00%(upstream:remoteref) refs/heads/main refs/remotes/main [1ms]
2025-07-20 01:14:43.532 [info] > git for-each-ref --sort -committerdate --format %(refname)%00%(objectname)%00%(*objectname) [1ms]
2025-07-20 01:14:43.537 [info] > git status -z -uall [9ms]
2025-07-20 01:14:43.539 [info] > git reflog main --grep-reflog=branch: Created from *. [17ms]
2025-07-20 01:14:43.543 [info] > git symbolic-ref --short refs/remotes/origin/HEAD [1ms]
2025-07-20 01:14:43.543 [info] fatal: ref refs/remotes/origin/HEAD is not a symbolic ref
2025-07-20 01:14:43.543 [warning] [Repository][getDefaultBranch] Failed to get default branch details: Failed to execute git.
2025-07-20 01:14:43.550 [info] > git merge-base refs/heads/main refs/remotes/origin/main [3ms]
2025-07-20 01:14:43.554 [info] > git merge-base refs/heads/main refs/remotes/origin/main [3ms]
2025-07-20 01:14:43.557 [info] > git diff --name-status -z --diff-filter=ADMR 00630f1a5fc56d29bbfb125db51e6137ac242f2a...refs/remotes/origin/main [4ms]
2025-07-20 01:14:43.557 [info] > git diff --name-status -z --diff-filter=ADMR 00630f1a5fc56d29bbfb125db51e6137ac242f2a...refs/remotes/origin/main [1ms]
2025-07-20 01:14:43.818 [info] > git check-ignore -v -z --stdin [7ms]
2025-07-20 01:14:51.980 [info] > git ls-files --stage -- setup.sh [2ms]
2025-07-20 01:14:51.991 [info] > git cat-file -s 4aadcc49a22f13bbbd18412bea9b8fb227e19a1f [8ms]
2025-07-20 01:14:52.021 [info] > git show --textconv :setup.sh [46ms]
2025-07-20 01:15:10.453 [info] > git check-ignore -v -z --stdin [3ms]
2025-07-20 01:15:13.173 [info] > git check-ignore -v -z --stdin [2ms]
2025-07-20 01:15:15.715 [info] > git check-ignore -v -z --stdin [2ms]
2025-07-20 01:16:58.184 [info] > git check-ignore -v -z --stdin [1ms]
2025-07-20 01:17:02.456 [info] > git check-ignore -v -z --stdin [2ms]
