2025-07-19 16:26:36.801 [info] Extension host with pid 13171 started
2025-07-19 16:26:36.802 [info] Skipping acquiring lock for /home/maurod/.config/Code - OSS/User/workspaceStorage/b8e1c07fcc87ee276836e41837250251.
2025-07-19 16:26:36.897 [info] ExtensionService#_doActivateExtension vscode.emmet, startup: false, activationEvent: 'onLanguage'
2025-07-19 16:26:36.942 [info] ExtensionService#_doActivateExtension vscode.git-base, startup: true, activationEvent: '*', root cause: vscode.git
2025-07-19 16:26:36.946 [info] ExtensionService#_doActivateExtension vscode.git, startup: true, activationEvent: '*'
2025-07-19 16:26:36.989 [info] ExtensionService#_doActivateExtension vscode.github, startup: true, activationEvent: '*'
2025-07-19 16:26:37.102 [info] Eager extensions activated
2025-07-19 16:26:37.107 [info] ExtensionService#_doActivateExtension vscode.debug-auto-launch, startup: false, activationEvent: 'onStartupFinished'
2025-07-19 16:26:37.109 [info] ExtensionService#_doActivateExtension vscode.merge-conflict, startup: false, activationEvent: 'onStartupFinished'
2025-07-19 16:26:37.208 [info] ExtensionService#_doActivateExtension vscode.github-authentication, startup: false, activationEvent: 'onAuthenticationRequest:github'
2025-07-19 16:26:46.935 [info] ExtensionService#_doActivateExtension vscode.configuration-editing, startup: false, activationEvent: 'onLanguage:json'
2025-07-19 16:26:46.942 [info] ExtensionService#_doActivateExtension vscode.extension-editing, startup: false, activationEvent: 'onLanguage:json'
2025-07-19 16:26:46.951 [info] ExtensionService#_doActivateExtension vscode.json-language-features, startup: false, activationEvent: 'onLanguage:json'
2025-07-19 16:26:47.005 [info] ExtensionService#_doActivateExtension vscode.npm, startup: false, activationEvent: 'onLanguage:json'
2025-07-19 17:02:44.867 [info] ExtensionService#_doActivateExtension vscode.css-language-features, startup: false, activationEvent: 'onLanguage:css'
2025-07-19 17:04:31.594 [info] ExtensionService#_doActivateExtension ms-vscode.hexeditor, startup: false, activationEvent: 'onCommand:hexEditor.openFile'
2025-07-19 17:04:45.105 [info] Extension host terminating: renderer closed the MessagePort
2025-07-19 17:04:45.115 [info] Extension host with pid 13171 exiting with code 0
2025-07-19 17:04:45.589 [info] Extension host with pid 19278 started
2025-07-19 17:04:45.589 [info] Skipping acquiring lock for /home/maurod/.config/Code - OSS/User/workspaceStorage/b8e1c07fcc87ee276836e41837250251.
2025-07-19 17:04:45.596 [info] ExtensionService#_doActivateExtension vscode.emmet, startup: false, activationEvent: 'onLanguage'
2025-07-19 17:04:45.618 [info] ExtensionService#_doActivateExtension vscode.github-authentication, startup: false, activationEvent: 'onAuthenticationRequest:github'
2025-07-19 17:04:45.646 [info] ExtensionService#_doActivateExtension vscode.git-base, startup: false, activationEvent: 'onFileSystem:git', root cause: vscode.git
2025-07-19 17:04:45.647 [info] ExtensionService#_doActivateExtension vscode.configuration-editing, startup: false, activationEvent: 'onLanguage:json'
2025-07-19 17:04:45.654 [info] ExtensionService#_doActivateExtension vscode.extension-editing, startup: false, activationEvent: 'onLanguage:json'
2025-07-19 17:04:45.667 [info] ExtensionService#_doActivateExtension vscode.json-language-features, startup: false, activationEvent: 'onLanguage:json'
2025-07-19 17:04:45.715 [info] ExtensionService#_doActivateExtension vscode.npm, startup: false, activationEvent: 'onLanguage:json'
2025-07-19 17:04:45.737 [info] ExtensionService#_doActivateExtension vscode.css-language-features, startup: false, activationEvent: 'onLanguage:css'
2025-07-19 17:04:45.810 [info] ExtensionService#_doActivateExtension vscode.git, startup: false, activationEvent: 'onFileSystem:git'
2025-07-19 17:04:45.846 [info] ExtensionService#_doActivateExtension vscode.github, startup: false, activationEvent: '*'
2025-07-19 17:04:46.064 [info] Eager extensions activated
2025-07-19 17:04:46.071 [info] ExtensionService#_doActivateExtension vscode.debug-auto-launch, startup: false, activationEvent: 'onStartupFinished'
2025-07-19 17:04:46.073 [info] ExtensionService#_doActivateExtension vscode.merge-conflict, startup: false, activationEvent: 'onStartupFinished'
2025-07-19 17:04:48.870 [info] Extension host terminating: renderer closed the MessagePort
2025-07-19 17:04:48.883 [info] Extension host with pid 19278 exiting with code 0
