2025-07-21 18:03:51.757 [info] [main] Log level: Info
2025-07-21 18:03:51.757 [info] [main] Validating found git in: "git"
2025-07-21 18:03:51.757 [info] [main] Using git "2.50.1" from "git"
2025-07-21 18:03:51.757 [info] [Model][doInitialScan] Initial repository scan started
2025-07-21 18:03:51.757 [info] > git rev-parse --show-toplevel [17ms]
2025-07-21 18:03:51.757 [info] fatal: not a git repository (or any parent up to mount point /)
Stopping at filesystem boundary (GIT_DISCOVERY_ACROSS_FILESYSTEM not set).
2025-07-21 18:03:51.757 [info] > git rev-parse --show-toplevel [1ms]
2025-07-21 18:03:51.757 [info] fatal: not a git repository (or any parent up to mount point /)
Stopping at filesystem boundary (GIT_DISCOVERY_ACROSS_FILESYSTEM not set).
2025-07-21 18:03:51.757 [info] > git rev-parse --show-toplevel [1ms]
2025-07-21 18:03:51.757 [info] fatal: not a git repository (or any parent up to mount point /)
Stopping at filesystem boundary (GIT_DISCOVERY_ACROSS_FILESYSTEM not set).
2025-07-21 18:03:51.757 [info] > git rev-parse --show-toplevel [1ms]
2025-07-21 18:03:51.757 [info] fatal: not a git repository (or any parent up to mount point /)
Stopping at filesystem boundary (GIT_DISCOVERY_ACROSS_FILESYSTEM not set).
2025-07-21 18:03:51.757 [info] > git rev-parse --show-toplevel [1ms]
2025-07-21 18:03:51.757 [info] fatal: not a git repository (or any parent up to mount point /)
Stopping at filesystem boundary (GIT_DISCOVERY_ACROSS_FILESYSTEM not set).
2025-07-21 18:03:51.757 [info] > git rev-parse --show-toplevel [1ms]
2025-07-21 18:03:51.757 [info] fatal: not a git repository (or any parent up to mount point /)
Stopping at filesystem boundary (GIT_DISCOVERY_ACROSS_FILESYSTEM not set).
2025-07-21 18:03:51.757 [info] > git rev-parse --show-toplevel [1ms]
2025-07-21 18:03:51.757 [info] fatal: not a git repository (or any parent up to mount point /)
Stopping at filesystem boundary (GIT_DISCOVERY_ACROSS_FILESYSTEM not set).
2025-07-21 18:03:51.757 [info] > git rev-parse --show-toplevel [21ms]
2025-07-21 18:03:51.757 [info] fatal: not a git repository (or any parent up to mount point /)
Stopping at filesystem boundary (GIT_DISCOVERY_ACROSS_FILESYSTEM not set).
2025-07-21 18:03:51.757 [info] [Model][doInitialScan] Initial repository scan completed - repositories (0), closed repositories (0), parent repositories (0), unsafe repositories (0)
2025-07-21 18:03:55.925 [info] > git rev-parse --show-toplevel [1ms]
2025-07-21 18:03:55.925 [info] fatal: not a git repository (or any parent up to mount point /)
Stopping at filesystem boundary (GIT_DISCOVERY_ACROSS_FILESYSTEM not set).
2025-07-21 18:03:55.950 [info] > git rev-parse --show-toplevel [1ms]
2025-07-21 18:03:55.950 [info] fatal: not a git repository (or any parent up to mount point /)
Stopping at filesystem boundary (GIT_DISCOVERY_ACROSS_FILESYSTEM not set).
2025-07-21 18:04:48.947 [info] > git rev-parse --show-toplevel [1ms]
2025-07-21 18:04:48.947 [info] fatal: not a git repository (or any parent up to mount point /)
Stopping at filesystem boundary (GIT_DISCOVERY_ACROSS_FILESYSTEM not set).
2025-07-21 18:06:35.870 [info] > git rev-parse --show-toplevel [1ms]
2025-07-21 18:06:35.870 [info] fatal: not a git repository (or any parent up to mount point /)
Stopping at filesystem boundary (GIT_DISCOVERY_ACROSS_FILESYSTEM not set).
