2025-07-19 16:26:37.267 [info] Reading sessions from keychain...
2025-07-19 16:26:37.267 [info] Getting sessions for all scopes...
2025-07-19 16:26:37.267 [info] Getting sessions for all scopes...
2025-07-19 16:26:37.267 [info] Getting sessions for all scopes...
2025-07-19 16:26:37.267 [info] Got 0 sessions for ...
2025-07-19 16:26:37.267 [info] Got 0 sessions for ...
2025-07-19 16:26:37.267 [info] Got 0 sessions for ...
2025-07-19 16:26:37.267 [info] Getting sessions for read:user,repo,user:email,workflow...
2025-07-19 16:26:37.267 [info] Got 0 sessions for read:user,repo,user:email,workflow...
2025-07-19 16:26:38.710 [info] Getting sessions for all scopes...
2025-07-19 16:26:38.710 [info] Got 0 sessions for ...
2025-07-19 17:04:45.879 [info] Reading sessions from keychain...
2025-07-19 17:04:45.879 [info] Getting sessions for all scopes...
2025-07-19 17:04:45.879 [info] Got 0 sessions for ...
2025-07-19 17:04:45.879 [info] Getting sessions for all scopes...
2025-07-19 17:04:45.879 [info] Got 0 sessions for ...
2025-07-19 17:04:45.879 [info] Getting sessions for all scopes...
2025-07-19 17:04:45.879 [info] Got 0 sessions for ...
2025-07-19 17:04:46.070 [info] Getting sessions for read:user,repo,user:email,workflow...
2025-07-19 17:04:46.070 [info] Got 0 sessions for read:user,repo,user:email,workflow...
