2025-07-19 16:14:09.688 [info] [main] Log level: Info
2025-07-19 16:14:09.688 [info] [main] Validating found git in: "git"
2025-07-19 16:14:09.688 [info] [main] Using git "2.50.1" from "git"
2025-07-19 16:14:09.688 [info] [Model][doInitialScan] Initial repository scan started
2025-07-19 16:14:09.688 [info] > git rev-parse --show-toplevel [2ms]
2025-07-19 16:14:09.688 [info] fatal: not a git repository (or any parent up to mount point /)
Stopping at filesystem boundary (GIT_DISCOVERY_ACROSS_FILESYSTEM not set).
2025-07-19 16:14:09.688 [info] > git rev-parse --show-toplevel [2ms]
2025-07-19 16:14:09.688 [info] fatal: not a git repository (or any parent up to mount point /)
Stopping at filesystem boundary (GIT_DISCOVERY_ACROSS_FILESYSTEM not set).
2025-07-19 16:14:09.688 [info] > git rev-parse --show-toplevel [2ms]
2025-07-19 16:14:09.688 [info] fatal: not a git repository (or any parent up to mount point /)
Stopping at filesystem boundary (GIT_DISCOVERY_ACROSS_FILESYSTEM not set).
2025-07-19 16:14:09.688 [info] > git rev-parse --show-toplevel [1ms]
2025-07-19 16:14:09.688 [info] fatal: not a git repository (or any parent up to mount point /)
Stopping at filesystem boundary (GIT_DISCOVERY_ACROSS_FILESYSTEM not set).
2025-07-19 16:14:09.688 [info] > git rev-parse --show-toplevel [1ms]
2025-07-19 16:14:09.688 [info] fatal: not a git repository (or any parent up to mount point /)
Stopping at filesystem boundary (GIT_DISCOVERY_ACROSS_FILESYSTEM not set).
2025-07-19 16:14:09.688 [info] > git rev-parse --show-toplevel [1ms]
2025-07-19 16:14:09.688 [info] fatal: not a git repository (or any parent up to mount point /)
Stopping at filesystem boundary (GIT_DISCOVERY_ACROSS_FILESYSTEM not set).
2025-07-19 16:14:09.688 [info] [Model][doInitialScan] Initial repository scan completed - repositories (0), closed repositories (0), parent repositories (0), unsafe repositories (0)
2025-07-19 16:14:09.688 [info] > git rev-parse --show-toplevel [20ms]
2025-07-19 16:14:09.688 [info] fatal: not a git repository (or any parent up to mount point /)
Stopping at filesystem boundary (GIT_DISCOVERY_ACROSS_FILESYSTEM not set).
2025-07-19 16:14:11.300 [info] > git rev-parse --show-toplevel [1ms]
2025-07-19 16:14:11.300 [info] fatal: not a git repository (or any parent up to mount point /)
Stopping at filesystem boundary (GIT_DISCOVERY_ACROSS_FILESYSTEM not set).
2025-07-19 16:14:31.130 [info] > git rev-parse --show-toplevel [1ms]
2025-07-19 16:14:31.130 [info] fatal: not a git repository (or any parent up to mount point /)
Stopping at filesystem boundary (GIT_DISCOVERY_ACROSS_FILESYSTEM not set).
2025-07-19 16:14:37.653 [info] > git rev-parse --show-toplevel [0ms]
2025-07-19 16:14:37.653 [info] fatal: not a git repository (or any parent up to mount point /)
Stopping at filesystem boundary (GIT_DISCOVERY_ACROSS_FILESYSTEM not set).
2025-07-19 16:14:42.584 [info] > git rev-parse --show-toplevel [2ms]
2025-07-19 16:14:42.584 [info] fatal: not a git repository (or any parent up to mount point /)
Stopping at filesystem boundary (GIT_DISCOVERY_ACROSS_FILESYSTEM not set).
2025-07-19 16:15:10.108 [info] > git rev-parse --show-toplevel [1ms]
2025-07-19 16:15:10.108 [info] fatal: not a git repository (or any parent up to mount point /)
Stopping at filesystem boundary (GIT_DISCOVERY_ACROSS_FILESYSTEM not set).
