2025-07-20 01:14:39.017 [info] Reading sessions from keychain...
2025-07-20 01:14:39.017 [info] Getting sessions for all scopes...
2025-07-20 01:14:39.017 [info] Got 0 sessions for ...
2025-07-20 01:14:39.017 [info] Getting sessions for all scopes...
2025-07-20 01:14:39.017 [info] Got 0 sessions for ...
2025-07-20 01:14:39.017 [info] Getting sessions for all scopes...
2025-07-20 01:14:39.017 [info] Got 0 sessions for ...
2025-07-20 01:14:39.017 [info] Getting sessions for all scopes...
2025-07-20 01:14:39.017 [info] Got 0 sessions for ...
2025-07-20 01:14:39.017 [info] Getting sessions for all scopes...
2025-07-20 01:14:39.017 [info] Got 0 sessions for ...
2025-07-20 01:14:39.017 [info] Getting sessions for all scopes...
2025-07-20 01:14:39.017 [info] Got 0 sessions for ...
2025-07-20 01:14:39.017 [info] Getting sessions for all scopes...
2025-07-20 01:14:39.017 [info] Got 0 sessions for ...
2025-07-20 01:14:39.017 [info] Getting sessions for all scopes...
2025-07-20 01:14:39.017 [info] Got 0 sessions for ...
2025-07-20 01:14:39.017 [info] Getting sessions for all scopes...
2025-07-20 01:14:39.017 [info] Got 0 sessions for ...
2025-07-20 01:14:39.017 [info] Getting sessions for all scopes...
2025-07-20 01:14:39.017 [info] Got 0 sessions for ...
2025-07-20 01:14:39.017 [info] Getting sessions for all scopes...
2025-07-20 01:14:39.017 [info] Got 0 sessions for ...
2025-07-20 01:14:39.017 [info] Getting sessions for all scopes...
2025-07-20 01:14:39.017 [info] Got 0 sessions for ...
2025-07-20 01:14:39.017 [info] Getting sessions for all scopes...
2025-07-20 01:14:39.017 [info] Got 0 sessions for ...
2025-07-20 01:14:39.017 [info] Getting sessions for all scopes...
2025-07-20 01:14:39.017 [info] Got 0 sessions for ...
2025-07-20 01:14:39.146 [info] Getting sessions for all scopes...
2025-07-20 01:14:39.146 [info] Got 0 sessions for ...
2025-07-20 01:14:40.918 [info] Getting sessions for all scopes...
2025-07-20 01:14:40.918 [info] Got 0 sessions for ...
2025-07-20 01:14:40.919 [info] Getting sessions for all scopes...
2025-07-20 01:14:40.919 [info] Got 0 sessions for ...
2025-07-20 01:14:40.921 [info] Getting sessions for all scopes...
2025-07-20 01:14:40.921 [info] Got 0 sessions for ...
2025-07-20 01:14:43.522 [info] Getting sessions for read:user,repo,user:email,workflow...
2025-07-20 01:14:43.522 [info] Got 0 sessions for read:user,repo,user:email,workflow...
