2025-07-19 15:56:13.730 [info] [main] Log level: Info
2025-07-19 15:56:13.730 [info] [main] Validating found git in: "git"
2025-07-19 15:56:13.730 [info] [main] Using git "2.50.1" from "git"
2025-07-19 15:56:13.730 [info] [Model][doInitialScan] Initial repository scan started
2025-07-19 15:56:13.730 [info] > git rev-parse --show-toplevel [5ms]
2025-07-19 15:56:13.730 [info] fatal: not a git repository (or any parent up to mount point /)
Stopping at filesystem boundary (GIT_DISCOVERY_ACROSS_FILESYSTEM not set).
2025-07-19 15:56:13.730 [info] > git rev-parse --show-toplevel [1ms]
2025-07-19 15:56:13.730 [info] fatal: not a git repository (or any parent up to mount point /)
Stopping at filesystem boundary (GIT_DISCOVERY_ACROSS_FILESYSTEM not set).
2025-07-19 15:56:13.730 [info] > git rev-parse --show-toplevel [1ms]
2025-07-19 15:56:13.730 [info] fatal: not a git repository (or any parent up to mount point /)
Stopping at filesystem boundary (GIT_DISCOVERY_ACROSS_FILESYSTEM not set).
2025-07-19 15:56:13.730 [info] > git rev-parse --show-toplevel [0ms]
2025-07-19 15:56:13.730 [info] fatal: not a git repository (or any parent up to mount point /)
Stopping at filesystem boundary (GIT_DISCOVERY_ACROSS_FILESYSTEM not set).
2025-07-19 15:56:13.730 [info] > git rev-parse --show-toplevel [1ms]
2025-07-19 15:56:13.730 [info] fatal: not a git repository (or any parent up to mount point /)
Stopping at filesystem boundary (GIT_DISCOVERY_ACROSS_FILESYSTEM not set).
2025-07-19 15:56:13.730 [info] [Model][doInitialScan] Initial repository scan completed - repositories (0), closed repositories (0), parent repositories (0), unsafe repositories (0)
2025-07-19 15:56:15.490 [info] > git rev-parse --show-toplevel [1ms]
2025-07-19 15:56:15.490 [info] fatal: not a git repository (or any parent up to mount point /)
Stopping at filesystem boundary (GIT_DISCOVERY_ACROSS_FILESYSTEM not set).
2025-07-19 15:56:18.226 [info] > git rev-parse --show-toplevel [1ms]
2025-07-19 15:56:18.226 [info] fatal: not a git repository (or any parent up to mount point /)
Stopping at filesystem boundary (GIT_DISCOVERY_ACROSS_FILESYSTEM not set).
2025-07-19 15:56:22.706 [info] > git rev-parse --show-toplevel [1ms]
2025-07-19 15:56:22.706 [info] fatal: not a git repository (or any parent up to mount point /)
Stopping at filesystem boundary (GIT_DISCOVERY_ACROSS_FILESYSTEM not set).
2025-07-19 15:56:24.176 [info] > git rev-parse --show-toplevel [1ms]
2025-07-19 15:56:24.176 [info] fatal: not a git repository (or any parent up to mount point /)
Stopping at filesystem boundary (GIT_DISCOVERY_ACROSS_FILESYSTEM not set).
2025-07-19 15:56:47.388 [info] > git rev-parse --show-toplevel [1ms]
2025-07-19 15:56:47.388 [info] fatal: not a git repository (or any parent up to mount point /)
Stopping at filesystem boundary (GIT_DISCOVERY_ACROSS_FILESYSTEM not set).
2025-07-19 15:57:03.418 [info] > git rev-parse --show-toplevel [2ms]
2025-07-19 15:57:03.418 [info] fatal: not a git repository (or any parent up to mount point /)
Stopping at filesystem boundary (GIT_DISCOVERY_ACROSS_FILESYSTEM not set).
