2025-07-19 16:11:56.597 [info] [main] Log level: Info
2025-07-19 16:11:56.597 [info] [main] Validating found git in: "git"
2025-07-19 16:11:56.597 [info] [main] Using git "2.50.1" from "git"
2025-07-19 16:11:56.597 [info] [Model][doInitialScan] Initial repository scan started
2025-07-19 16:11:56.597 [info] > git rev-parse --show-toplevel [10ms]
2025-07-19 16:11:56.597 [info] fatal: not a git repository (or any parent up to mount point /)
Stopping at filesystem boundary (GIT_DISCOVERY_ACROSS_FILESYSTEM not set).
2025-07-19 16:11:56.597 [info] > git rev-parse --show-toplevel [2ms]
2025-07-19 16:11:56.597 [info] fatal: not a git repository (or any parent up to mount point /)
Stopping at filesystem boundary (GIT_DISCOVERY_ACROSS_FILESYSTEM not set).
2025-07-19 16:11:56.597 [info] > git rev-parse --show-toplevel [1ms]
2025-07-19 16:11:56.597 [info] fatal: not a git repository (or any parent up to mount point /)
Stopping at filesystem boundary (GIT_DISCOVERY_ACROSS_FILESYSTEM not set).
2025-07-19 16:11:56.597 [info] > git rev-parse --show-toplevel [1ms]
2025-07-19 16:11:56.597 [info] fatal: not a git repository (or any parent up to mount point /)
Stopping at filesystem boundary (GIT_DISCOVERY_ACROSS_FILESYSTEM not set).
2025-07-19 16:11:56.597 [info] > git rev-parse --show-toplevel [1ms]
2025-07-19 16:11:56.597 [info] fatal: not a git repository (or any parent up to mount point /)
Stopping at filesystem boundary (GIT_DISCOVERY_ACROSS_FILESYSTEM not set).
2025-07-19 16:11:56.597 [info] > git rev-parse --show-toplevel [5ms]
2025-07-19 16:11:56.597 [info] fatal: not a git repository (or any parent up to mount point /)
Stopping at filesystem boundary (GIT_DISCOVERY_ACROSS_FILESYSTEM not set).
2025-07-19 16:11:56.597 [info] [Model][doInitialScan] Initial repository scan completed - repositories (0), closed repositories (0), parent repositories (0), unsafe repositories (0)
2025-07-19 16:11:58.117 [info] > git rev-parse --show-toplevel [1ms]
2025-07-19 16:11:58.117 [info] fatal: not a git repository (or any parent up to mount point /)
Stopping at filesystem boundary (GIT_DISCOVERY_ACROSS_FILESYSTEM not set).
2025-07-19 16:12:02.767 [info] > git rev-parse --show-toplevel [1ms]
2025-07-19 16:12:02.767 [info] fatal: not a git repository (or any parent up to mount point /)
Stopping at filesystem boundary (GIT_DISCOVERY_ACROSS_FILESYSTEM not set).
2025-07-19 16:12:51.447 [info] > git rev-parse --show-toplevel [1ms]
2025-07-19 16:12:51.447 [info] fatal: not a git repository (or any parent up to mount point /)
Stopping at filesystem boundary (GIT_DISCOVERY_ACROSS_FILESYSTEM not set).
2025-07-19 16:13:17.926 [info] > git rev-parse --show-toplevel [1ms]
2025-07-19 16:13:17.926 [info] fatal: not a git repository (or any parent up to mount point /)
Stopping at filesystem boundary (GIT_DISCOVERY_ACROSS_FILESYSTEM not set).
