2025-07-20 00:56:28.212 [info] [main] Log level: Info
2025-07-20 00:56:28.212 [info] [main] Validating found git in: "git"
2025-07-20 00:56:28.212 [info] [main] Using git "2.50.1" from "git"
2025-07-20 00:56:28.212 [info] [Model][doInitialScan] Initial repository scan started
2025-07-20 00:56:28.212 [info] > git rev-parse --show-toplevel [4ms]
2025-07-20 00:56:28.212 [info] fatal: not a git repository (or any parent up to mount point /)
Stopping at filesystem boundary (GIT_DISCOVERY_ACROSS_FILESYSTEM not set).
2025-07-20 00:56:28.212 [info] > git rev-parse --show-toplevel [1ms]
2025-07-20 00:56:28.212 [info] fatal: not a git repository (or any parent up to mount point /)
Stopping at filesystem boundary (GIT_DISCOVERY_ACROSS_FILESYSTEM not set).
2025-07-20 00:56:28.212 [info] > git rev-parse --show-toplevel [2ms]
2025-07-20 00:56:28.212 [info] fatal: not a git repository (or any parent up to mount point /)
Stopping at filesystem boundary (GIT_DISCOVERY_ACROSS_FILESYSTEM not set).
2025-07-20 00:56:28.212 [info] > git rev-parse --show-toplevel [1ms]
2025-07-20 00:56:28.212 [info] fatal: not a git repository (or any parent up to mount point /)
Stopping at filesystem boundary (GIT_DISCOVERY_ACROSS_FILESYSTEM not set).
2025-07-20 00:56:28.212 [info] > git rev-parse --show-toplevel [1ms]
2025-07-20 00:56:28.212 [info] fatal: not a git repository (or any parent up to mount point /)
Stopping at filesystem boundary (GIT_DISCOVERY_ACROSS_FILESYSTEM not set).
2025-07-20 00:56:28.212 [info] [Model][doInitialScan] Initial repository scan completed - repositories (0), closed repositories (0), parent repositories (0), unsafe repositories (0)
2025-07-20 00:56:29.586 [info] > git rev-parse --show-toplevel [1ms]
2025-07-20 00:56:29.586 [info] fatal: not a git repository (or any parent up to mount point /)
Stopping at filesystem boundary (GIT_DISCOVERY_ACROSS_FILESYSTEM not set).
2025-07-20 01:09:07.473 [info] > git rev-parse --show-toplevel [1ms]
2025-07-20 01:09:07.473 [info] fatal: not a git repository (or any parent up to mount point /)
Stopping at filesystem boundary (GIT_DISCOVERY_ACROSS_FILESYSTEM not set).
2025-07-20 01:09:10.931 [info] > git rev-parse --show-toplevel [1ms]
2025-07-20 01:09:10.931 [info] fatal: not a git repository (or any parent up to mount point /)
Stopping at filesystem boundary (GIT_DISCOVERY_ACROSS_FILESYSTEM not set).
2025-07-20 01:09:12.721 [info] > git rev-parse --show-toplevel [1ms]
2025-07-20 01:09:12.721 [info] fatal: not a git repository (or any parent up to mount point /)
Stopping at filesystem boundary (GIT_DISCOVERY_ACROSS_FILESYSTEM not set).
2025-07-20 01:09:18.594 [info] > git rev-parse --show-toplevel [1ms]
2025-07-20 01:09:18.594 [info] fatal: not a git repository (or any parent up to mount point /)
Stopping at filesystem boundary (GIT_DISCOVERY_ACROSS_FILESYSTEM not set).
2025-07-20 01:09:33.300 [info] > git rev-parse --show-toplevel [1ms]
2025-07-20 01:09:33.300 [info] fatal: not a git repository (or any parent up to mount point /)
Stopping at filesystem boundary (GIT_DISCOVERY_ACROSS_FILESYSTEM not set).
2025-07-20 01:09:38.203 [info] > git rev-parse --show-toplevel [0ms]
2025-07-20 01:09:38.204 [info] fatal: not a git repository (or any parent up to mount point /)
Stopping at filesystem boundary (GIT_DISCOVERY_ACROSS_FILESYSTEM not set).
2025-07-20 01:09:39.227 [info] > git rev-parse --show-toplevel [1ms]
2025-07-20 01:09:39.227 [info] fatal: not a git repository (or any parent up to mount point /)
Stopping at filesystem boundary (GIT_DISCOVERY_ACROSS_FILESYSTEM not set).
2025-07-20 01:09:45.226 [info] > git rev-parse --show-toplevel [0ms]
2025-07-20 01:09:45.226 [info] fatal: not a git repository (or any parent up to mount point /)
Stopping at filesystem boundary (GIT_DISCOVERY_ACROSS_FILESYSTEM not set).
2025-07-20 01:09:49.133 [info] > git rev-parse --show-toplevel [1ms]
2025-07-20 01:09:49.133 [info] fatal: not a git repository (or any parent up to mount point /)
Stopping at filesystem boundary (GIT_DISCOVERY_ACROSS_FILESYSTEM not set).
2025-07-20 01:09:49.768 [info] > git rev-parse --show-toplevel [0ms]
2025-07-20 01:09:49.768 [info] fatal: not a git repository (or any parent up to mount point /)
Stopping at filesystem boundary (GIT_DISCOVERY_ACROSS_FILESYSTEM not set).
2025-07-20 01:09:58.470 [info] > git rev-parse --show-toplevel [0ms]
2025-07-20 01:09:58.470 [info] fatal: not a git repository (or any parent up to mount point /)
Stopping at filesystem boundary (GIT_DISCOVERY_ACROSS_FILESYSTEM not set).
2025-07-20 01:10:25.682 [info] > git rev-parse --show-toplevel [1ms]
2025-07-20 01:10:25.682 [info] fatal: not a git repository (or any parent up to mount point /)
Stopping at filesystem boundary (GIT_DISCOVERY_ACROSS_FILESYSTEM not set).
2025-07-20 01:10:29.304 [info] > git rev-parse --show-toplevel [1ms]
2025-07-20 01:10:29.304 [info] fatal: not a git repository (or any parent up to mount point /)
Stopping at filesystem boundary (GIT_DISCOVERY_ACROSS_FILESYSTEM not set).
2025-07-20 01:10:29.980 [info] > git rev-parse --show-toplevel [1ms]
2025-07-20 01:10:29.980 [info] fatal: not a git repository (or any parent up to mount point /)
Stopping at filesystem boundary (GIT_DISCOVERY_ACROSS_FILESYSTEM not set).
2025-07-20 01:10:38.498 [info] > git rev-parse --show-toplevel [1ms]
2025-07-20 01:10:38.498 [info] fatal: not a git repository (or any parent up to mount point /)
Stopping at filesystem boundary (GIT_DISCOVERY_ACROSS_FILESYSTEM not set).
2025-07-20 01:10:41.069 [info] > git rev-parse --show-toplevel [1ms]
2025-07-20 01:10:41.069 [info] fatal: not a git repository (or any parent up to mount point /)
Stopping at filesystem boundary (GIT_DISCOVERY_ACROSS_FILESYSTEM not set).
2025-07-20 01:10:42.395 [info] > git rev-parse --show-toplevel [0ms]
2025-07-20 01:10:42.395 [info] fatal: not a git repository (or any parent up to mount point /)
Stopping at filesystem boundary (GIT_DISCOVERY_ACROSS_FILESYSTEM not set).
2025-07-20 01:11:08.360 [info] > git rev-parse --show-toplevel [1ms]
2025-07-20 01:11:08.360 [info] fatal: not a git repository (or any parent up to mount point /)
Stopping at filesystem boundary (GIT_DISCOVERY_ACROSS_FILESYSTEM not set).
2025-07-20 01:11:20.484 [info] > git rev-parse --show-toplevel [1ms]
2025-07-20 01:11:20.484 [info] fatal: not a git repository (or any parent up to mount point /)
Stopping at filesystem boundary (GIT_DISCOVERY_ACROSS_FILESYSTEM not set).
2025-07-20 01:11:21.018 [info] > git rev-parse --show-toplevel [1ms]
2025-07-20 01:11:21.018 [info] fatal: not a git repository (or any parent up to mount point /)
Stopping at filesystem boundary (GIT_DISCOVERY_ACROSS_FILESYSTEM not set).
2025-07-20 01:11:27.629 [info] > git rev-parse --show-toplevel [5ms]
2025-07-20 01:11:27.629 [info] fatal: not a git repository (or any parent up to mount point /)
Stopping at filesystem boundary (GIT_DISCOVERY_ACROSS_FILESYSTEM not set).
2025-07-20 01:11:34.957 [info] > git rev-parse --show-toplevel [1ms]
2025-07-20 01:11:34.957 [info] fatal: not a git repository (or any parent up to mount point /)
Stopping at filesystem boundary (GIT_DISCOVERY_ACROSS_FILESYSTEM not set).
2025-07-20 01:11:42.093 [info] > git rev-parse --show-toplevel [0ms]
2025-07-20 01:11:42.093 [info] fatal: not a git repository (or any parent up to mount point /)
Stopping at filesystem boundary (GIT_DISCOVERY_ACROSS_FILESYSTEM not set).
2025-07-20 01:11:52.010 [info] > git rev-parse --show-toplevel [0ms]
2025-07-20 01:11:52.010 [info] fatal: not a git repository (or any parent up to mount point /)
Stopping at filesystem boundary (GIT_DISCOVERY_ACROSS_FILESYSTEM not set).
2025-07-20 01:12:42.908 [info] > git rev-parse --show-toplevel [1ms]
2025-07-20 01:12:42.908 [info] fatal: not a git repository (or any parent up to mount point /)
Stopping at filesystem boundary (GIT_DISCOVERY_ACROSS_FILESYSTEM not set).
2025-07-20 01:12:58.353 [info] > git rev-parse --show-toplevel [1ms]
2025-07-20 01:12:58.353 [info] fatal: not a git repository (or any parent up to mount point /)
Stopping at filesystem boundary (GIT_DISCOVERY_ACROSS_FILESYSTEM not set).
2025-07-20 01:13:02.118 [info] > git rev-parse --show-toplevel [1ms]
2025-07-20 01:13:02.118 [info] fatal: not a git repository (or any parent up to mount point /)
Stopping at filesystem boundary (GIT_DISCOVERY_ACROSS_FILESYSTEM not set).
2025-07-20 01:13:06.728 [info] > git rev-parse --show-toplevel [2ms]
2025-07-20 01:13:06.728 [info] fatal: not a git repository (or any parent up to mount point /)
Stopping at filesystem boundary (GIT_DISCOVERY_ACROSS_FILESYSTEM not set).
2025-07-20 01:13:23.692 [info] > git rev-parse --show-toplevel [1ms]
2025-07-20 01:13:23.692 [info] fatal: not a git repository (or any parent up to mount point /)
Stopping at filesystem boundary (GIT_DISCOVERY_ACROSS_FILESYSTEM not set).
