2025-07-19 16:26:37.047 [info] [main] Log level: Info
2025-07-19 16:26:37.047 [info] [main] Validating found git in: "git"
2025-07-19 16:26:37.047 [info] [main] Using git "2.50.1" from "git"
2025-07-19 16:26:37.047 [info] [Model][doInitialScan] Initial repository scan started
2025-07-19 16:26:37.047 [info] > git rev-parse --show-toplevel [10ms]
2025-07-19 16:26:37.047 [info] > git rev-parse --git-dir --git-common-dir [1ms]
2025-07-19 16:26:37.047 [info] [Model][openRepository] Opened repository (path): /home/maurod/Dotfiles
2025-07-19 16:26:37.047 [info] [Model][openRepository] Opened repository (real path): /home/maurod/Dotfiles
2025-07-19 16:26:37.047 [info] [Model][doInitialScan] Initial repository scan completed - repositories (1), closed repositories (0), parent repositories (0), unsafe repositories (0)
2025-07-19 16:26:37.047 [info] > git config --get commit.template [5ms]
2025-07-19 16:26:37.055 [info] > git for-each-ref --format=%(refname)%00%(upstream:short)%00%(objectname)%00%(upstream:track)%00%(upstream:remotename)%00%(upstream:remoteref) refs/heads/main refs/remotes/main [18ms]
2025-07-19 16:26:37.059 [warning] [Git][revParse] Unable to read file: ENOENT: no such file or directory, open '/home/maurod/Dotfiles/.git/refs/remotes/origin/main'
2025-07-19 16:26:37.079 [info] > git rev-parse refs/remotes/origin/main [20ms]
2025-07-19 16:26:37.090 [info] > git for-each-ref --sort -committerdate --format %(refname)%00%(objectname)%00%(*objectname) [4ms]
2025-07-19 16:26:37.106 [info] > git status -z -uall [24ms]
2025-07-19 16:26:37.129 [info] > git for-each-ref --format=%(refname)%00%(upstream:short)%00%(objectname)%00%(upstream:track)%00%(upstream:remotename)%00%(upstream:remoteref) refs/heads/main refs/remotes/main [5ms]
2025-07-19 16:26:37.141 [info] > git config --get --local branch.main.vscode-merge-base [1ms]
2025-07-19 16:26:37.141 [warning] [Git][config] git config failed: Failed to execute git
2025-07-19 16:26:37.144 [info] > git config --get commit.template [15ms]
2025-07-19 16:26:37.149 [info] > git for-each-ref --format=%(refname)%00%(upstream:short)%00%(objectname)%00%(upstream:track)%00%(upstream:remotename)%00%(upstream:remoteref) refs/heads/main refs/remotes/main [2ms]
2025-07-19 16:26:37.152 [warning] [Git][revParse] Unable to read file: ENOENT: no such file or directory, open '/home/maurod/Dotfiles/.git/refs/remotes/origin/main'
2025-07-19 16:26:37.152 [info] > git reflog main --grep-reflog=branch: Created from *. [8ms]
2025-07-19 16:26:37.156 [info] > git rev-parse refs/remotes/origin/main [5ms]
2025-07-19 16:26:37.162 [info] > git symbolic-ref --short refs/remotes/origin/HEAD [7ms]
2025-07-19 16:26:37.165 [info] > git for-each-ref --sort -committerdate --format %(refname)%00%(objectname)%00%(*objectname) [3ms]
2025-07-19 16:26:37.166 [info] > git for-each-ref --format=%(refname)%00%(upstream:short)%00%(objectname)%00%(upstream:track)%00%(upstream:remotename)%00%(upstream:remoteref) refs/heads/origin/main refs/remotes/origin/main [1ms]
2025-07-19 16:26:37.173 [info] > git config --add --local branch.main.vscode-merge-base origin/main [4ms]
2025-07-19 16:26:37.181 [info] > git status -z -uall [22ms] (cancelled)
2025-07-19 16:26:37.181 [info] > git for-each-ref --format=%(refname)%00%(upstream:short)%00%(objectname)%00%(upstream:track)%00%(upstream:remotename)%00%(upstream:remoteref) refs/heads/main refs/remotes/main [5ms]
2025-07-19 16:26:37.185 [info] > git config --get commit.template [5ms]
2025-07-19 16:26:37.186 [info] > git config --get --local branch.main.vscode-merge-base [2ms]
2025-07-19 16:26:37.229 [info] > git for-each-ref --format=%(refname)%00%(upstream:short)%00%(objectname)%00%(upstream:track)%00%(upstream:remotename)%00%(upstream:remoteref) refs/heads/main refs/remotes/main [37ms]
2025-07-19 16:26:37.229 [info] > git for-each-ref --format=%(refname)%00%(upstream:short)%00%(objectname)%00%(upstream:track)%00%(upstream:remotename)%00%(upstream:remoteref) refs/heads/origin/main refs/remotes/origin/main [40ms]
2025-07-19 16:26:37.238 [warning] [Git][revParse] Unable to read file: ENOENT: no such file or directory, open '/home/maurod/Dotfiles/.git/refs/remotes/origin/main'
2025-07-19 16:26:37.239 [info] > git merge-base refs/heads/main refs/remotes/origin/main [7ms]
2025-07-19 16:26:37.243 [info] > git rev-parse refs/remotes/origin/main [5ms]
2025-07-19 16:26:37.251 [info] > git for-each-ref --sort -committerdate --format %(refname)%00%(objectname)%00%(*objectname) [1ms]
2025-07-19 16:26:37.252 [info] > git diff --name-status -z --diff-filter=ADMR 09f2315ca81e6dc991b0e9d2f8c0c20db47d1a7e...refs/remotes/origin/main [10ms]
2025-07-19 16:26:37.266 [info] > git status -z -uall [19ms]
2025-07-19 16:26:37.550 [info] > git check-ignore -v -z --stdin [4ms]
2025-07-19 16:26:42.857 [info] > git config --get commit.template [5ms]
2025-07-19 16:26:42.857 [info] > git for-each-ref --format=%(refname)%00%(upstream:short)%00%(objectname)%00%(upstream:track)%00%(upstream:remotename)%00%(upstream:remoteref) refs/heads/main refs/remotes/main [1ms]
2025-07-19 16:26:42.860 [warning] [Git][revParse] Unable to read file: ENOENT: no such file or directory, open '/home/maurod/Dotfiles/.git/refs/remotes/origin/main'
2025-07-19 16:26:42.861 [info] > git rev-parse refs/remotes/origin/main [1ms]
2025-07-19 16:26:42.868 [info] > git for-each-ref --sort -committerdate --format %(refname)%00%(objectname)%00%(*objectname) [1ms]
2025-07-19 16:26:42.884 [info] > git status -z -uall [20ms]
2025-07-19 16:27:07.938 [info] > git config --get commit.template [8ms]
2025-07-19 16:27:07.939 [info] > git for-each-ref --format=%(refname)%00%(upstream:short)%00%(objectname)%00%(upstream:track)%00%(upstream:remotename)%00%(upstream:remoteref) refs/heads/main refs/remotes/main [2ms]
2025-07-19 16:27:07.944 [warning] [Git][revParse] Unable to read file: ENOENT: no such file or directory, open '/home/maurod/Dotfiles/.git/refs/remotes/origin/main'
2025-07-19 16:27:07.946 [info] > git rev-parse refs/remotes/origin/main [2ms]
2025-07-19 16:27:07.954 [info] > git for-each-ref --sort -committerdate --format %(refname)%00%(objectname)%00%(*objectname) [1ms]
2025-07-19 16:27:07.969 [info] > git status -z -uall [20ms]
2025-07-19 16:27:29.413 [info] > git config --get commit.template [10ms]
2025-07-19 16:27:29.414 [info] > git for-each-ref --format=%(refname)%00%(upstream:short)%00%(objectname)%00%(upstream:track)%00%(upstream:remotename)%00%(upstream:remoteref) refs/heads/main refs/remotes/main [2ms]
2025-07-19 16:27:29.420 [warning] [Git][revParse] Unable to read file: ENOENT: no such file or directory, open '/home/maurod/Dotfiles/.git/refs/remotes/origin/main'
2025-07-19 16:27:29.420 [info] > git rev-parse refs/remotes/origin/main [1ms]
2025-07-19 16:27:29.428 [info] > git for-each-ref --sort -committerdate --format %(refname)%00%(objectname)%00%(*objectname) [1ms]
2025-07-19 16:27:29.443 [info] > git status -z -uall [20ms]
2025-07-19 16:27:41.251 [info] > git config --get commit.template [4ms]
2025-07-19 16:27:41.251 [info] > git for-each-ref --format=%(refname)%00%(upstream:short)%00%(objectname)%00%(upstream:track)%00%(upstream:remotename)%00%(upstream:remoteref) refs/heads/main refs/remotes/main [1ms]
2025-07-19 16:27:41.254 [warning] [Git][revParse] Unable to read file: ENOENT: no such file or directory, open '/home/maurod/Dotfiles/.git/refs/remotes/origin/main'
2025-07-19 16:27:41.255 [info] > git rev-parse refs/remotes/origin/main [1ms]
2025-07-19 16:27:41.263 [info] > git for-each-ref --sort -committerdate --format %(refname)%00%(objectname)%00%(*objectname) [2ms]
2025-07-19 16:27:41.278 [info] > git status -z -uall [20ms]
2025-07-19 16:28:44.627 [info] > git config --get commit.template [4ms]
2025-07-19 16:28:44.627 [info] > git for-each-ref --format=%(refname)%00%(upstream:short)%00%(objectname)%00%(upstream:track)%00%(upstream:remotename)%00%(upstream:remoteref) refs/heads/main refs/remotes/main [1ms]
2025-07-19 16:28:44.630 [warning] [Git][revParse] Unable to read file: ENOENT: no such file or directory, open '/home/maurod/Dotfiles/.git/refs/remotes/origin/main'
2025-07-19 16:28:44.631 [info] > git rev-parse refs/remotes/origin/main [1ms]
2025-07-19 16:28:44.638 [info] > git for-each-ref --sort -committerdate --format %(refname)%00%(objectname)%00%(*objectname) [1ms]
2025-07-19 16:28:44.654 [info] > git status -z -uall [20ms]
2025-07-19 16:29:04.865 [info] > git config --get commit.template [4ms]
2025-07-19 16:29:04.865 [info] > git for-each-ref --format=%(refname)%00%(upstream:short)%00%(objectname)%00%(upstream:track)%00%(upstream:remotename)%00%(upstream:remoteref) refs/heads/main refs/remotes/main [1ms]
2025-07-19 16:29:04.868 [warning] [Git][revParse] Unable to read file: ENOENT: no such file or directory, open '/home/maurod/Dotfiles/.git/refs/remotes/origin/main'
2025-07-19 16:29:04.869 [info] > git rev-parse refs/remotes/origin/main [1ms]
2025-07-19 16:29:04.876 [info] > git for-each-ref --sort -committerdate --format %(refname)%00%(objectname)%00%(*objectname) [1ms]
2025-07-19 16:29:04.892 [info] > git status -z -uall [20ms]
2025-07-19 16:29:47.762 [info] > git config --get commit.template [4ms]
2025-07-19 16:29:47.762 [info] > git for-each-ref --format=%(refname)%00%(upstream:short)%00%(objectname)%00%(upstream:track)%00%(upstream:remotename)%00%(upstream:remoteref) refs/heads/main refs/remotes/main [1ms]
2025-07-19 16:29:47.765 [warning] [Git][revParse] Unable to read file: ENOENT: no such file or directory, open '/home/maurod/Dotfiles/.git/refs/remotes/origin/main'
2025-07-19 16:29:47.766 [info] > git rev-parse refs/remotes/origin/main [1ms]
2025-07-19 16:29:47.773 [info] > git for-each-ref --sort -committerdate --format %(refname)%00%(objectname)%00%(*objectname) [1ms]
2025-07-19 16:29:47.788 [info] > git status -z -uall [19ms]
2025-07-19 16:30:28.524 [info] > git show --textconv :InstallScripts/waybarinstall.sh [4ms]
2025-07-19 16:30:28.525 [info] > git ls-files --stage -- InstallScripts/waybarinstall.sh [2ms]
2025-07-19 16:30:28.528 [info] > git cat-file -s b1df08a7de68671c38996ea3667eda4921ada1e9 [1ms]
2025-07-19 16:30:29.291 [info] > git blame --root --incremental 09f2315ca81e6dc991b0e9d2f8c0c20db47d1a7e -- InstallScripts/waybarinstall.sh [2ms]
2025-07-19 16:30:34.862 [info] > git config --get commit.template [4ms]
2025-07-19 16:30:34.862 [info] > git for-each-ref --format=%(refname)%00%(upstream:short)%00%(objectname)%00%(upstream:track)%00%(upstream:remotename)%00%(upstream:remoteref) refs/heads/main refs/remotes/main [1ms]
2025-07-19 16:30:34.865 [warning] [Git][revParse] Unable to read file: ENOENT: no such file or directory, open '/home/maurod/Dotfiles/.git/refs/remotes/origin/main'
2025-07-19 16:30:34.865 [info] > git rev-parse refs/remotes/origin/main [0ms]
2025-07-19 16:30:34.872 [info] > git for-each-ref --sort -committerdate --format %(refname)%00%(objectname)%00%(*objectname) [1ms]
2025-07-19 16:30:34.887 [info] > git status -z -uall [19ms]
2025-07-19 16:30:44.126 [info] > git config --get commit.template [3ms]
2025-07-19 16:30:44.126 [info] > git for-each-ref --format=%(refname)%00%(upstream:short)%00%(objectname)%00%(upstream:track)%00%(upstream:remotename)%00%(upstream:remoteref) refs/heads/main refs/remotes/main [1ms]
2025-07-19 16:30:44.129 [warning] [Git][revParse] Unable to read file: ENOENT: no such file or directory, open '/home/maurod/Dotfiles/.git/refs/remotes/origin/main'
2025-07-19 16:30:44.129 [info] > git rev-parse refs/remotes/origin/main [0ms]
2025-07-19 16:30:44.136 [info] > git for-each-ref --sort -committerdate --format %(refname)%00%(objectname)%00%(*objectname) [1ms]
2025-07-19 16:30:44.151 [info] > git status -z -uall [19ms]
2025-07-19 16:30:49.549 [info] > git config --get commit.template [0ms]
2025-07-19 16:30:49.553 [info] > git for-each-ref --format=%(refname)%00%(upstream:short)%00%(objectname)%00%(upstream:track)%00%(upstream:remotename)%00%(upstream:remoteref) refs/heads/main refs/remotes/main [1ms]
2025-07-19 16:30:49.555 [warning] [Git][revParse] Unable to read file: ENOENT: no such file or directory, open '/home/maurod/Dotfiles/.git/refs/remotes/origin/main'
2025-07-19 16:30:49.556 [info] > git rev-parse refs/remotes/origin/main [1ms]
2025-07-19 16:30:49.563 [info] > git for-each-ref --sort -committerdate --format %(refname)%00%(objectname)%00%(*objectname) [1ms]
2025-07-19 16:30:49.578 [info] > git status -z -uall [19ms]
